<?xml version="1.0" encoding="UTF-8"?>
<!-- Generated by org.testng.reporters.JUnitXMLReporter -->
<testsuite ignored="0" hostname="Mahesh" failures="0" tests="3" name="Test" time="8.475" errors="0" timestamp="2024-05-13T14:47:27 IST">
  <testcase classname="com.testautomation.apitesting.tests.DataDrivenTestingUsingExcelFile" name="dataDrivenTesting" time="3.758"/>
  <testcase classname="com.testautomation.apitesting.tests.DataDrivenTestingUsingExcelFile" name="dataDrivenTesting" time="1.714"/>
  <testcase classname="com.testautomation.apitesting.tests.DataDrivenTestingUsingExcelFile" name="dataDrivenTesting" time="1.945"/>
</testsuite> <!-- Test -->
