<?xml version="1.0" encoding="UTF-8"?>
<testng-results ignored="0" total="3" passed="3" failed="0" skipped="0">
  <reporter-output>
  </reporter-output>
  <suite started-at="2024-05-12T07:12:39 IST" name="Data Driven Testing Using Json File" finished-at="2024-05-12T07:12:48 IST" duration-ms="8738">
    <groups>
    </groups>
    <test started-at="2024-05-12T07:12:39 IST" name="Test" finished-at="2024-05-12T07:12:48 IST" duration-ms="8738">
      <class name="com.testautomation.apitesting.tests.DataDrivenTestingUsingJSONFile">
        <test-method signature="dataDrivenTestingUsingJSON(java.util.LinkedHashMap)[pri:0, instance:com.testautomation.apitesting.tests.DataDrivenTestingUsingJSONFile@5b1669c0]" started-at="2024-05-12T07:12:39 IST" name="dataDrivenTestingUsingJSON" data-provider="getTestData" finished-at="2024-05-12T07:12:44 IST" duration-ms="5032" status="PASS">
          <params>
            <param index="0">
              <value>
                <![CDATA[{firstname=api testing by, lastname=Mahesh Holkar}]]>
              </value>
            </param>
          </params>
          <reporter-output>
          </reporter-output>
        </test-method> <!-- dataDrivenTestingUsingJSON -->
        <test-method signature="dataDrivenTestingUsingJSON(java.util.LinkedHashMap)[pri:0, instance:com.testautomation.apitesting.tests.DataDrivenTestingUsingJSONFile@5b1669c0]" started-at="2024-05-12T07:12:44 IST" name="dataDrivenTestingUsingJSON" data-provider="getTestData" finished-at="2024-05-12T07:12:46 IST" duration-ms="1913" status="PASS">
          <params>
            <param index="0">
              <value>
                <![CDATA[{firstname=rest assured by, lastname=Mahesh Holkar}]]>
              </value>
            </param>
          </params>
          <reporter-output>
          </reporter-output>
        </test-method> <!-- dataDrivenTestingUsingJSON -->
        <test-method signature="dataDrivenTestingUsingJSON(java.util.LinkedHashMap)[pri:0, instance:com.testautomation.apitesting.tests.DataDrivenTestingUsingJSONFile@5b1669c0]" started-at="2024-05-12T07:12:46 IST" name="dataDrivenTestingUsingJSON" data-provider="getTestData" finished-at="2024-05-12T07:12:48 IST" duration-ms="1656" status="PASS">
          <params>
            <param index="0">
              <value>
                <![CDATA[{firstname=Postman by, lastname=Mahesh Holkar}]]>
              </value>
            </param>
          </params>
          <reporter-output>
          </reporter-output>
        </test-method> <!-- dataDrivenTestingUsingJSON -->
      </class> <!-- com.testautomation.apitesting.tests.DataDrivenTestingUsingJSONFile -->
    </test> <!-- Test -->
  </suite> <!-- Data Driven Testing Using Json File -->
</testng-results>
