<?xml version="1.0" encoding="UTF-8"?>
<testng-results ignored="0" total="2" passed="2" failed="0" skipped="0">
  <reporter-output>
  </reporter-output>
  <suite started-at="2024-05-13T14:56:38 IST" name="Default suite" finished-at="2024-05-13T14:56:48 IST" duration-ms="10053">
    <groups>
    </groups>
    <test started-at="2024-05-13T14:56:38 IST" name="Default test" finished-at="2024-05-13T14:56:48 IST" duration-ms="10053">
      <class name="com.testautomation.apitesting.tests.DataDrivenTestingUsingExcelFile">
        <test-method signature="dataDrivenTesting(java.util.Map)[pri:0, instance:com.testautomation.apitesting.tests.DataDrivenTestingUsingExcelFile@1a20270e]" started-at="2024-05-13T14:56:39 IST" name="dataDrivenTesting" data-provider="ExcelTestData" finished-at="2024-05-13T14:56:45 IST" duration-ms="6354" status="PASS">
          <params>
            <param index="0">
              <value>
                <![CDATA[{FirstName=api testing by, LastName=testers talk, Run=Yes, TotalPrice=1000}]]>
              </value>
            </param>
          </params>
          <reporter-output>
          </reporter-output>
        </test-method> <!-- dataDrivenTesting -->
        <test-method signature="dataDrivenTesting(java.util.Map)[pri:0, instance:com.testautomation.apitesting.tests.DataDrivenTestingUsingExcelFile@1a20270e]" started-at="2024-05-13T14:56:45 IST" name="dataDrivenTesting" data-provider="ExcelTestData" finished-at="2024-05-13T14:56:48 IST" duration-ms="2278" status="PASS">
          <params>
            <param index="0">
              <value>
                <![CDATA[{FirstName=rest assured by, LastName=testers talk, Run=Yes, TotalPrice=1001}]]>
              </value>
            </param>
          </params>
          <reporter-output>
          </reporter-output>
        </test-method> <!-- dataDrivenTesting -->
      </class> <!-- com.testautomation.apitesting.tests.DataDrivenTestingUsingExcelFile -->
    </test> <!-- Default test -->
  </suite> <!-- Default suite -->
</testng-results>
