<?xml version="1.0" encoding="UTF-8"?>
<!-- Generated by org.testng.reporters.JUnitXMLReporter -->
<testsuite ignored="0" hostname="Mahesh" failures="0" tests="3" name="Test" time="8.738" errors="0" timestamp="2024-05-12T07:12:48 IST">
  <testcase classname="com.testautomation.apitesting.tests.DataDrivenTestingUsingJSONFile" name="dataDrivenTestingUsingJSON" time="5.032"/>
  <testcase classname="com.testautomation.apitesting.tests.DataDrivenTestingUsingJSONFile" name="dataDrivenTestingUsingJSON" time="1.913"/>
  <testcase classname="com.testautomation.apitesting.tests.DataDrivenTestingUsingJSONFile" name="dataDrivenTestingUsingJSON" time="1.656"/>
</testsuite> <!-- Test -->
